Flutter crash report.
Please report a bug at https://github.com/flutter/flutter/issues.

## command

flutter run --machine --target lib/main.dart -d aad798fa --dart-define=flutter.inspector.structuredErrors=true --start-paused --web-server-debug-protocol ws --web-allow-expose-url --devtools-server-address http://127.0.0.1:9102/

## exception

RPCError: getVM: (112) Service has disappeared

```
```

## flutter doctor

```
[✓] Flutter (Channel stable, 2.0.6, on Mac OS X 10.15.7 19H1030 darwin-x64, locale en-GB)
    • Flutter version 2.0.6 at /Users/mohamedalameen/Laboratory/libs/flutter
    • Framework revision 1d9032c7e1 (2 weeks ago), 2021-04-29 17:37:58 -0700
    • Engine revision 05e680e202
    • Dart version 2.12.3

[✓] Android toolchain - develop for Android devices (Android SDK version 29.0.3)
    • Android SDK at /Users/mohamedalameen/Laboratory/libs/Android
    • Platform android-30, build-tools 29.0.3
    • ANDROID_HOME = /Users/mohamedalameen/Laboratory/libs/Android
    • ANDROID_SDK_ROOT = /Users/mohamedalameen/Laboratory/libs/Android
    • Java binary at: /Applications/Android Studio.app/Contents/jre/jdk/Contents/Home/bin/java
    • Java version OpenJDK Runtime Environment (build 1.8.0_242-release-1644-b3-6915495)
    • All Android licenses accepted.

[✓] Xcode - develop for iOS and macOS
    • Xcode at /Applications/Xcode.app/Contents/Developer
    • Xcode 12.4, Build version 12D4e
    • CocoaPods version 1.10.1

[✓] Chrome - develop for the web
    • Chrome at /Applications/Google Chrome.app/Contents/MacOS/Google Chrome

[✓] Android Studio (version 4.1)
    • Android Studio at /Applications/Android Studio.app/Contents
    • Flutter plugin can be installed from:
      🔨 https://plugins.jetbrains.com/plugin/9212-flutter
    • Dart plugin can be installed from:
      🔨 https://plugins.jetbrains.com/plugin/6351-dart
    • Java version OpenJDK Runtime Environment (build 1.8.0_242-release-1644-b3-6915495)

[✓] IntelliJ IDEA Community Edition (version 2020.1.2)
    • IntelliJ at /Applications/IntelliJ IDEA CE.app
    • Flutter plugin can be installed from:
      🔨 https://plugins.jetbrains.com/plugin/9212-flutter
    • Dart plugin can be installed from:
      🔨 https://plugins.jetbrains.com/plugin/6351-dart

[✓] VS Code (version 1.56.2)
    • VS Code at /Applications/Visual Studio Code.app/Contents
    • Flutter extension version 3.22.0

[✓] Connected device (2 available)
    • RMX1901 (mobile) • aad798fa • android-arm64  • Android 10 (API 29)
    • Chrome (web)     • chrome   • web-javascript • Google Chrome 90.0.4430.212

• No issues found!
```
